<?xml version="1.0" encoding="UTF-8"?>
<!-- Generated by org.testng.reporters.JUnitReportReporter -->
<testsuite skipped="0" hostname="PU-SDSC16569-01" name="com.westwing.testcases.SearchTest" tests="1" failures="0" timestamp="2021-06-08T00:24:35 IST" time="23.295" errors="0">
  <testcase name="verifySearchedItemAddToWishList" time="23.295" classname="com.westwing.testcases.SearchTest"/>
  <system-out/>
</testsuite> <!-- com.westwing.testcases.SearchTest -->
